# JRE version: OpenJDK Runtime Environment Temurin-21.0.9+10 (21.0.9+10) (build 21.0.9+10-LTS)
# Java VM: OpenJDK 64-Bit Server VM Temurin-21.0.9+10 (21.0.9+10-LTS, mixed mode, sharing, tiered, compressed oops, compressed class ptrs, parallel gc, windows-amd64)
GC Precious Log:
 CardTable entry size: 512
 CPUs: 8 total, 8 available
 Memory: 7934M
 Large Page Support: Disabled
 NUMA Support: Disabled
 Compressed Oops: Enabled (32-bit)
 Alignments: Space 512K, Generation 512K, Heap 2M
 Heap Min Capacity: 100M
 Heap Initial Capacity: 100M
 Heap Max Capacity: 2G
 Pre-touch: Disabled
 Parallel Workers: 8
Heap:
 PSYoungGen      total 5120K, used 3937K [0x00000000d5580000, 0x00000000d5d00000, 0x0000000100000000)
  eden space 4096K, 87% used [0x00000000d5580000,0x00000000d59004b0,0x00000000d5980000)
  from space 1024K, 34% used [0x00000000d5b00000,0x00000000d5b58000,0x00000000d5c00000)
  to   space 512K, 0% used [0x00000000d5c80000,0x00000000d5c80000,0x00000000d5d00000)
 ParOldGen       total 821760K, used 819851K [0x0000000080000000, 0x00000000b2280000, 0x00000000d5580000)
  object space 821760K, 99% used [0x0000000080000000,0x00000000b20a2ec8,0x00000000b2280000)
 Metaspace       used 78213K, committed 80000K, reserved 1179648K
  class space    used 8048K, committed 8832K, reserved 1048576K
GC Heap History (20 events):
Event: 1040.007 GC heap before
{Heap before GC invocations=491 (full 3):
 PSYoungGen      total 4096K, used 4064K [0x00000000d5580000, 0x00000000d5f80000, 0x0000000100000000)
  eden space 2560K, 100% used [0x00000000d5580000,0x00000000d5800000,0x00000000d5800000)
  from space 1536K, 97% used [0x00000000d5800000,0x00000000d59782f8,0x00000000d5980000)
  to   space 3584K, 0% used [0x00000000d5c00000,0x00000000d5c00000,0x00000000d5f80000)
 ParOldGen       total 742400K, used 742199K [0x0000000080000000, 0x00000000ad500000, 0x00000000d5580000)
  object space 742400K, 99% used [0x0000000080000000,0x00000000ad4cde40,0x00000000ad500000)
 Metaspace       used 77990K, committed 79808K, reserved 1179648K
  class space    used 8032K, committed 8832K, reserved 1048576K
}
Event: 1040.012 GC heap after
{Heap after GC invocations=491 (full 3):
 PSYoungGen      total 6144K, used 2627K [0x00000000d5580000, 0x00000000d5f00000, 0x0000000100000000)
  eden space 3072K, 0% used [0x00000000d5580000,0x00000000d5580000,0x00000000d5880000)
  from space 3072K, 85% used [0x00000000d5c00000,0x00000000d5e90e30,0x00000000d5f00000)
  to   space 3072K, 0% used [0x00000000d5900000,0x00000000d5900000,0x00000000d5c00000)
 ParOldGen       total 743936K, used 743693K [0x0000000080000000, 0x00000000ad680000, 0x00000000d5580000)
  object space 743936K, 99% used [0x0000000080000000,0x00000000ad6435c8,0x00000000ad680000)
 Metaspace       used 77990K, committed 79808K, reserved 1179648K
  class space    used 8032K, committed 8832K, reserved 1048576K
}
Event: 1040.054 GC heap before
{Heap before GC invocations=492 (full 3):
 PSYoungGen      total 6144K, used 5699K [0x00000000d5580000, 0x00000000d5f00000, 0x0000000100000000)
  eden space 3072K, 100% used [0x00000000d5580000,0x00000000d5880000,0x00000000d5880000)
  from space 3072K, 85% used [0x00000000d5c00000,0x00000000d5e90e30,0x00000000d5f00000)
  to   space 3072K, 0% used [0x00000000d5900000,0x00000000d5900000,0x00000000d5c00000)
 ParOldGen       total 743936K, used 743693K [0x0000000080000000, 0x00000000ad680000, 0x00000000d5580000)
  object space 743936K, 99% used [0x0000000080000000,0x00000000ad6435c8,0x00000000ad680000)
 Metaspace       used 78002K, committed 79808K, reserved 1179648K
  class space    used 8032K, committed 8832K, reserved 1048576K
}
Event: 1040.059 GC heap after
{Heap after GC invocations=492 (full 3):
 PSYoungGen      total 5120K, used 1056K [0x00000000d5580000, 0x00000000d5d80000, 0x0000000100000000)
  eden space 3584K, 0% used [0x00000000d5580000,0x00000000d5580000,0x00000000d5900000)
  from space 1536K, 68% used [0x00000000d5900000,0x00000000d5a08000,0x00000000d5a80000)
  to   space 2048K, 0% used [0x00000000d5b80000,0x00000000d5b80000,0x00000000d5d80000)
 ParOldGen       total 747008K, used 746607K [0x0000000080000000, 0x00000000ad980000, 0x00000000d5580000)
  object space 747008K, 99% used [0x0000000080000000,0x00000000ad91bdc8,0x00000000ad980000)
 Metaspace       used 78002K, committed 79808K, reserved 1179648K
  class space    used 8032K, committed 8832K, reserved 1048576K
}
Event: 1040.100 GC heap before
{Heap before GC invocations=493 (full 3):
 PSYoungGen      total 5120K, used 4639K [0x00000000d5580000, 0x00000000d5d80000, 0x0000000100000000)
  eden space 3584K, 99% used [0x00000000d5580000,0x00000000d58fff70,0x00000000d5900000)
  from space 1536K, 68% used [0x00000000d5900000,0x00000000d5a08000,0x00000000d5a80000)
  to   space 2048K, 0% used [0x00000000d5b80000,0x00000000d5b80000,0x00000000d5d80000)
 ParOldGen       total 778752K, used 777327K [0x0000000080000000, 0x00000000af880000, 0x00000000d5580000)
  object space 778752K, 99% used [0x0000000080000000,0x00000000af71bdf8,0x00000000af880000)
 Metaspace       used 78011K, committed 79808K, reserved 1179648K
  class space    used 8032K, committed 8832K, reserved 1048576K
}
Event: 1040.103 GC heap after
{Heap after GC invocations=493 (full 3):
 PSYoungGen      total 4096K, used 2024K [0x00000000d5580000, 0x00000000d6200000, 0x0000000100000000)
  eden space 2048K, 0% used [0x00000000d5580000,0x00000000d5580000,0x00000000d5780000)
  from space 2048K, 98% used [0x00000000d5b80000,0x00000000d5d7a090,0x00000000d5d80000)
  to   space 4096K, 0% used [0x00000000d5780000,0x00000000d5780000,0x00000000d5b80000)
 ParOldGen       total 779264K, used 778763K [0x0000000080000000, 0x00000000af900000, 0x00000000d5580000)
  object space 779264K, 99% used [0x0000000080000000,0x00000000af882e08,0x00000000af900000)
 Metaspace       used 78011K, committed 79808K, reserved 1179648K
  class space    used 8032K, committed 8832K, reserved 1048576K
}
Event: 1040.108 GC heap before
{Heap before GC invocations=494 (full 3):
 PSYoungGen      total 4096K, used 4072K [0x00000000d5580000, 0x00000000d6200000, 0x0000000100000000)
  eden space 2048K, 100% used [0x00000000d5580000,0x00000000d5780000,0x00000000d5780000)
  from space 2048K, 98% used [0x00000000d5b80000,0x00000000d5d7a090,0x00000000d5d80000)
  to   space 4096K, 0% used [0x00000000d5780000,0x00000000d5780000,0x00000000d5b80000)
 ParOldGen       total 779264K, used 778763K [0x0000000080000000, 0x00000000af900000, 0x00000000d5580000)
  object space 779264K, 99% used [0x0000000080000000,0x00000000af882e08,0x00000000af900000)
 Metaspace       used 78017K, committed 79808K, reserved 1179648K
  class space    used 8032K, committed 8832K, reserved 1048576K
}
Event: 1040.113 GC heap after
{Heap after GC invocations=494 (full 3):
 PSYoungGen      total 4096K, used 1856K [0x00000000d5580000, 0x00000000d5d00000, 0x0000000100000000)
  eden space 2048K, 0% used [0x00000000d5580000,0x00000000d5580000,0x00000000d5780000)
  from space 2048K, 90% used [0x00000000d5780000,0x00000000d5950000,0x00000000d5980000)
  to   space 2560K, 0% used [0x00000000d5a80000,0x00000000d5a80000,0x00000000d5d00000)
 ParOldGen       total 781312K, used 780819K [0x0000000080000000, 0x00000000afb00000, 0x00000000d5580000)
  object space 781312K, 99% used [0x0000000080000000,0x00000000afa84e98,0x00000000afb00000)
 Metaspace       used 78017K, committed 79808K, reserved 1179648K
  class space    used 8032K, committed 8832K, reserved 1048576K
}
Event: 1040.118 GC heap before
{Heap before GC invocations=495 (full 3):
 PSYoungGen      total 4096K, used 3903K [0x00000000d5580000, 0x00000000d5d00000, 0x0000000100000000)
  eden space 2048K, 99% used [0x00000000d5580000,0x00000000d577fff8,0x00000000d5780000)
  from space 2048K, 90% used [0x00000000d5780000,0x00000000d5950000,0x00000000d5980000)
  to   space 2560K, 0% used [0x00000000d5a80000,0x00000000d5a80000,0x00000000d5d00000)
 ParOldGen       total 781312K, used 780819K [0x0000000080000000, 0x00000000afb00000, 0x00000000d5580000)
  object space 781312K, 99% used [0x0000000080000000,0x00000000afa84e98,0x00000000afb00000)
 Metaspace       used 78018K, committed 79808K, reserved 1179648K
  class space    used 8032K, committed 8832K, reserved 1048576K
}
Event: 1040.122 GC heap after
{Heap after GC invocations=495 (full 3):
 PSYoungGen      total 4608K, used 1888K [0x00000000d5580000, 0x00000000d5c80000, 0x0000000100000000)
  eden space 2560K, 0% used [0x00000000d5580000,0x00000000d5580000,0x00000000d5800000)
  from space 2048K, 92% used [0x00000000d5a80000,0x00000000d5c58000,0x00000000d5c80000)
  to   space 2048K, 0% used [0x00000000d5880000,0x00000000d5880000,0x00000000d5a80000)
 ParOldGen       total 782848K, used 782627K [0x0000000080000000, 0x00000000afc80000, 0x00000000d5580000)
  object space 782848K, 99% used [0x0000000080000000,0x00000000afc48e98,0x00000000afc80000)
 Metaspace       used 78018K, committed 79808K, reserved 1179648K
  class space    used 8032K, committed 8832K, reserved 1048576K
}
Event: 1040.129 GC heap before
{Heap before GC invocations=496 (full 3):
 PSYoungGen      total 4608K, used 4416K [0x00000000d5580000, 0x00000000d5c80000, 0x0000000100000000)
  eden space 2560K, 98% used [0x00000000d5580000,0x00000000d57f8240,0x00000000d5800000)
  from space 2048K, 92% used [0x00000000d5a80000,0x00000000d5c58000,0x00000000d5c80000)
  to   space 2048K, 0% used [0x00000000d5880000,0x00000000d5880000,0x00000000d5a80000)
 ParOldGen       total 782848K, used 782627K [0x0000000080000000, 0x00000000afc80000, 0x00000000d5580000)
  object space 782848K, 99% used [0x0000000080000000,0x00000000afc48e98,0x00000000afc80000)
 Metaspace       used 78019K, committed 79808K, reserved 1179648K
  class space    used 8032K, committed 8832K, reserved 1048576K
}
Event: 1040.134 GC heap after
{Heap after GC invocations=496 (full 3):
 PSYoungGen      total 5120K, used 2036K [0x00000000d5580000, 0x00000000d6180000, 0x0000000100000000)
  eden space 3072K, 0% used [0x00000000d5580000,0x00000000d5580000,0x00000000d5880000)
  from space 2048K, 99% used [0x00000000d5880000,0x00000000d5a7d000,0x00000000d5a80000)
  to   space 4608K, 0% used [0x00000000d5d00000,0x00000000d5d00000,0x00000000d6180000)
 ParOldGen       total 784896K, used 784571K [0x0000000080000000, 0x00000000afe80000, 0x00000000d5580000)
  object space 784896K, 99% used [0x0000000080000000,0x00000000afe2ee98,0x00000000afe80000)
 Metaspace       used 78019K, committed 79808K, reserved 1179648K
  class space    used 8032K, committed 8832K, reserved 1048576K
}
Event: 1040.157 GC heap before
{Heap before GC invocations=497 (full 3):
 PSYoungGen      total 5120K, used 4889K [0x00000000d5580000, 0x00000000d6180000, 0x0000000100000000)
  eden space 3072K, 92% used [0x00000000d5580000,0x00000000d58496a8,0x00000000d5880000)
  from space 2048K, 99% used [0x00000000d5880000,0x00000000d5a7d000,0x00000000d5a80000)
  to   space 4608K, 0% used [0x00000000d5d00000,0x00000000d5d00000,0x00000000d6180000)
 ParOldGen       total 784896K, used 784571K [0x0000000080000000, 0x00000000afe80000, 0x00000000d5580000)
  object space 784896K, 99% used [0x0000000080000000,0x00000000afe2ee98,0x00000000afe80000)
 Metaspace       used 78020K, committed 79808K, reserved 1179648K
  class space    used 8032K, committed 8832K, reserved 1048576K
}
Event: 1040.161 GC heap after
{Heap after GC invocations=497 (full 3):
 PSYoungGen      total 6656K, used 1792K [0x00000000d5580000, 0x00000000d5f80000, 0x0000000100000000)
  eden space 4096K, 0% used [0x00000000d5580000,0x00000000d5580000,0x00000000d5980000)
  from space 2560K, 70% used [0x00000000d5d00000,0x00000000d5ec0000,0x00000000d5f80000)
  to   space 3072K, 0% used [0x00000000d5980000,0x00000000d5980000,0x00000000d5c80000)
 ParOldGen       total 786944K, used 786563K [0x0000000080000000, 0x00000000b0080000, 0x00000000d5580000)
  object space 786944K, 99% used [0x0000000080000000,0x00000000b0020e98,0x00000000b0080000)
 Metaspace       used 78020K, committed 79808K, reserved 1179648K
  class space    used 8032K, committed 8832K, reserved 1048576K
}
Event: 1047.634 GC heap before
{Heap before GC invocations=498 (full 3):
 PSYoungGen      total 6656K, used 5888K [0x00000000d5580000, 0x00000000d5f80000, 0x0000000100000000)
  eden space 4096K, 100% used [0x00000000d5580000,0x00000000d5980000,0x00000000d5980000)
  from space 2560K, 70% used [0x00000000d5d00000,0x00000000d5ec0000,0x00000000d5f80000)
  to   space 3072K, 0% used [0x00000000d5980000,0x00000000d5980000,0x00000000d5c80000)
 ParOldGen       total 786944K, used 786563K [0x0000000080000000, 0x00000000b0080000, 0x00000000d5580000)
  object space 786944K, 99% used [0x0000000080000000,0x00000000b0020e98,0x00000000b0080000)
 Metaspace       used 78030K, committed 79808K, reserved 1179648K
  class space    used 8032K, committed 8832K, reserved 1048576K
}
Event: 1047.640 GC heap after
{Heap after GC invocations=498 (full 3):
 PSYoungGen      total 7168K, used 1908K [0x00000000d5580000, 0x00000000d5e80000, 0x0000000100000000)
  eden space 4096K, 0% used [0x00000000d5580000,0x00000000d5580000,0x00000000d5980000)
  from space 3072K, 62% used [0x00000000d5980000,0x00000000d5b5d200,0x00000000d5c80000)
  to   space 2048K, 0% used [0x00000000d5c80000,0x00000000d5c80000,0x00000000d5e80000)
 ParOldGen       total 787968K, used 787627K [0x0000000080000000, 0x00000000b0180000, 0x00000000d5580000)
  object space 787968K, 99% used [0x0000000080000000,0x00000000b012ae98,0x00000000b0180000)
 Metaspace       used 78030K, committed 79808K, reserved 1179648K
  class space    used 8032K, committed 8832K, reserved 1048576K
}
Event: 1047.731 GC heap before
{Heap before GC invocations=499 (full 3):
 PSYoungGen      total 7168K, used 6004K [0x00000000d5580000, 0x00000000d5e80000, 0x0000000100000000)
  eden space 4096K, 100% used [0x00000000d5580000,0x00000000d5980000,0x00000000d5980000)
  from space 3072K, 62% used [0x00000000d5980000,0x00000000d5b5d200,0x00000000d5c80000)
  to   space 2048K, 0% used [0x00000000d5c80000,0x00000000d5c80000,0x00000000d5e80000)
 ParOldGen       total 787968K, used 787627K [0x0000000080000000, 0x00000000b0180000, 0x00000000d5580000)
  object space 787968K, 99% used [0x0000000080000000,0x00000000b012ae98,0x00000000b0180000)
 Metaspace       used 78135K, committed 79872K, reserved 1179648K
  class space    used 8044K, committed 8832K, reserved 1048576K
}
Event: 1047.734 GC heap after
{Heap after GC invocations=499 (full 3):
 PSYoungGen      total 4608K, used 410K [0x00000000d5580000, 0x00000000d5d00000, 0x0000000100000000)
  eden space 4096K, 0% used [0x00000000d5580000,0x00000000d5580000,0x00000000d5980000)
  from space 512K, 80% used [0x00000000d5c80000,0x00000000d5ce6900,0x00000000d5d00000)
  to   space 1024K, 0% used [0x00000000d5b00000,0x00000000d5b00000,0x00000000d5c00000)
 ParOldGen       total 790016K, used 789091K [0x0000000080000000, 0x00000000b0380000, 0x00000000d5580000)
  object space 790016K, 99% used [0x0000000080000000,0x00000000b0298e98,0x00000000b0380000)
 Metaspace       used 78135K, committed 79872K, reserved 1179648K
  class space    used 8044K, committed 8832K, reserved 1048576K
}
Event: 1125.011 GC heap before
{Heap before GC invocations=500 (full 3):
 PSYoungGen      total 4608K, used 4506K [0x00000000d5580000, 0x00000000d5d00000, 0x0000000100000000)
  eden space 4096K, 100% used [0x00000000d5580000,0x00000000d5980000,0x00000000d5980000)
  from space 512K, 80% used [0x00000000d5c80000,0x00000000d5ce6900,0x00000000d5d00000)
  to   space 1024K, 0% used [0x00000000d5b00000,0x00000000d5b00000,0x00000000d5c00000)
 ParOldGen       total 821760K, used 819811K [0x0000000080000000, 0x00000000b2280000, 0x00000000d5580000)
  object space 821760K, 99% used [0x0000000080000000,0x00000000b2098ec8,0x00000000b2280000)
 Metaspace       used 78202K, committed 80000K, reserved 1179648K
  class space    used 8048K, committed 8832K, reserved 1048576K
}
Event: 1125.021 GC heap after
{Heap after GC invocations=500 (full 3):
 PSYoungGen      total 5120K, used 352K [0x00000000d5580000, 0x00000000d5d00000, 0x0000000100000000)
  eden space 4096K, 0% used [0x00000000d5580000,0x00000000d5580000,0x00000000d5980000)
  from space 1024K, 34% used [0x00000000d5b00000,0x00000000d5b58000,0x00000000d5c00000)
  to   space 512K, 0% used [0x00000000d5c80000,0x00000000d5c80000,0x00000000d5d00000)
 ParOldGen       total 821760K, used 819851K [0x0000000080000000, 0x00000000b2280000, 0x00000000d5580000)
  object space 821760K, 99% used [0x0000000080000000,0x00000000b20a2ec8,0x00000000b2280000)
 Metaspace       used 78202K, committed 80000K, reserved 1179648K
  class space    used 8048K, committed 8832K, reserved 1048576K
}

